<?xml version="1.0" encoding="UTF-8"?>
<!-- Generated by org.testng.reporters.JUnitXMLReporter -->
<testsuite ignored="1" hostname="IN2132738W1" failures="0" tests="3" name="Default test" time="0.07" errors="0" timestamp="2023-01-05T11:55:42 IST">
  <testcase classname="test.AllAnnotation_Example" name="Function1" time="0.013"/>
  <testcase classname="test.AllAnnotation_Example" name="Function3" time="0.002"/>
  <testcase classname="test.AllAnnotation_Example" name="afunction2" time="0.001"/>
  <testcase classname="test.AllAnnotation_Example" name="Function4" time="0.0">
    <ignored/>
  </testcase> <!-- Function4 -->
</testsuite> <!-- Default test -->
