<?xml version="1.0" encoding="UTF-8"?>
<testng-results ignored="0" total="2" passed="2" failed="0" skipped="0">
  <reporter-output>
  </reporter-output>
  <suite started-at="2023-01-05T12:40:47 IST" name="Suite" finished-at="2023-01-05T12:41:25 IST" duration-ms="38217">
    <groups>
    </groups>
    <test started-at="2023-01-05T12:40:47 IST" name="edgetest" finished-at="2023-01-05T12:41:09 IST" duration-ms="21848">
      <class name="test.Multi_Browser">
        <test-method is-config="true" signature="beforeClass(java.lang.String)[pri:0, instance:test.Multi_Browser@16d04d3d]" started-at="2023-01-05T12:40:47 IST" name="beforeClass" finished-at="2023-01-05T12:41:03 IST" duration-ms="15814" status="PASS">
          <params>
            <param index="0">
              <value>
                <![CDATA[edge]]>
              </value>
            </param>
          </params>
          <reporter-output>
          </reporter-output>
        </test-method> <!-- beforeClass -->
        <test-method signature="f()[pri:0, instance:test.Multi_Browser@16d04d3d]" started-at="2023-01-05T12:41:03 IST" name="f" finished-at="2023-01-05T12:41:08 IST" duration-ms="5297" status="PASS">
          <reporter-output>
          </reporter-output>
        </test-method> <!-- f -->
        <test-method is-config="true" signature="afterClass()[pri:0, instance:test.Multi_Browser@16d04d3d]" started-at="2023-01-05T12:41:08 IST" name="afterClass" finished-at="2023-01-05T12:41:09 IST" duration-ms="687" status="PASS">
          <reporter-output>
          </reporter-output>
        </test-method> <!-- afterClass -->
      </class> <!-- test.Multi_Browser -->
    </test> <!-- edgetest -->
    <test started-at="2023-01-05T12:41:09 IST" name="chrometest" finished-at="2023-01-05T12:41:25 IST" duration-ms="16285">
      <class name="test.Multi_Browser">
        <test-method is-config="true" signature="beforeClass(java.lang.String)[pri:0, instance:test.Multi_Browser@6f1de4c7]" started-at="2023-01-05T12:41:09 IST" name="beforeClass" finished-at="2023-01-05T12:41:20 IST" duration-ms="11494" status="PASS">
          <params>
            <param index="0">
              <value>
                <![CDATA[chrome]]>
              </value>
            </param>
          </params>
          <reporter-output>
          </reporter-output>
        </test-method> <!-- beforeClass -->
        <test-method signature="f()[pri:0, instance:test.Multi_Browser@6f1de4c7]" started-at="2023-01-05T12:41:20 IST" name="f" finished-at="2023-01-05T12:41:25 IST" duration-ms="4225" status="PASS">
          <reporter-output>
          </reporter-output>
        </test-method> <!-- f -->
        <test-method is-config="true" signature="afterClass()[pri:0, instance:test.Multi_Browser@6f1de4c7]" started-at="2023-01-05T12:41:25 IST" name="afterClass" finished-at="2023-01-05T12:41:25 IST" duration-ms="561" status="PASS">
          <reporter-output>
          </reporter-output>
        </test-method> <!-- afterClass -->
      </class> <!-- test.Multi_Browser -->
    </test> <!-- chrometest -->
  </suite> <!-- Suite -->
</testng-results>
